This is pdfTeX, Version 3.14159265-2.6-1.40.17 (TeX Live 2016/Arch Linux) (preloaded format=latex 2016.8.29)  31 AUG 2016 15:36
entering extended mode
 restricted \write18 enabled.
 %&-line parsing enabled.
**BellBrandon_HW2-Report.tex
(./BellBrandon_HW2-Report.tex
LaTeX2e <2016/03/31> patch level 3
Babel <3.9r> and hyphenation patterns for 83 language(s) loaded.
(./IEEEtran.cls
Document Class: IEEEtran 2015/08/26 V1.8b by Michael Shell
-- See the "IEEEtran_HOWTO" manual for usage information.
-- http://www.michaelshell.org/tex/ieeetran/
\@IEEEtrantmpdimenA=\dimen102
\@IEEEtrantmpdimenB=\dimen103
\@IEEEtrantmpdimenC=\dimen104
\@IEEEtrantmpcountA=\count79
\@IEEEtrantmpcountB=\count80
\@IEEEtrantmpcountC=\count81
\@IEEEtrantmptoksA=\toks14
LaTeX Font Info:    Try loading font information for OT1+ptm on input line 503.

(/usr/share/texmf-dist/tex/latex/psnfss/ot1ptm.fd
File: ot1ptm.fd 2001/06/04 font definitions for OT1/ptm.
)
-- Using 8.5in x 11in (letter) paper.
-- Using DVI output.
\@IEEEnormalsizeunitybaselineskip=\dimen105
-- This is a 10 point document.
\CLASSINFOnormalsizebaselineskip=\dimen106
\CLASSINFOnormalsizeunitybaselineskip=\dimen107
\IEEEnormaljot=\dimen108
LaTeX Font Info:    Font shape `OT1/ptm/bx/n' in size <5> not available
(Font)              Font shape `OT1/ptm/b/n' tried instead on input line 1090.
LaTeX Font Info:    Font shape `OT1/ptm/bx/it' in size <5> not available
(Font)              Font shape `OT1/ptm/b/it' tried instead on input line 1090.

LaTeX Font Info:    Font shape `OT1/ptm/bx/n' in size <7> not available
(Font)              Font shape `OT1/ptm/b/n' tried instead on input line 1090.
LaTeX Font Info:    Font shape `OT1/ptm/bx/it' in size <7> not available
(Font)              Font shape `OT1/ptm/b/it' tried instead on input line 1090.

LaTeX Font Info:    Font shape `OT1/ptm/bx/n' in size <8> not available
(Font)              Font shape `OT1/ptm/b/n' tried instead on input line 1090.
LaTeX Font Info:    Font shape `OT1/ptm/bx/it' in size <8> not available
(Font)              Font shape `OT1/ptm/b/it' tried instead on input line 1090.

LaTeX Font Info:    Font shape `OT1/ptm/bx/n' in size <9> not available
(Font)              Font shape `OT1/ptm/b/n' tried instead on input line 1090.
LaTeX Font Info:    Font shape `OT1/ptm/bx/it' in size <9> not available
(Font)              Font shape `OT1/ptm/b/it' tried instead on input line 1090.

LaTeX Font Info:    Font shape `OT1/ptm/bx/n' in size <10> not available
(Font)              Font shape `OT1/ptm/b/n' tried instead on input line 1090.
LaTeX Font Info:    Font shape `OT1/ptm/bx/it' in size <10> not available
(Font)              Font shape `OT1/ptm/b/it' tried instead on input line 1090.

LaTeX Font Info:    Font shape `OT1/ptm/bx/n' in size <11> not available
(Font)              Font shape `OT1/ptm/b/n' tried instead on input line 1090.
LaTeX Font Info:    Font shape `OT1/ptm/bx/it' in size <11> not available
(Font)              Font shape `OT1/ptm/b/it' tried instead on input line 1090.

LaTeX Font Info:    Font shape `OT1/ptm/bx/n' in size <12> not available
(Font)              Font shape `OT1/ptm/b/n' tried instead on input line 1090.
LaTeX Font Info:    Font shape `OT1/ptm/bx/it' in size <12> not available
(Font)              Font shape `OT1/ptm/b/it' tried instead on input line 1090.

LaTeX Font Info:    Font shape `OT1/ptm/bx/n' in size <17> not available
(Font)              Font shape `OT1/ptm/b/n' tried instead on input line 1090.
LaTeX Font Info:    Font shape `OT1/ptm/bx/it' in size <17> not available
(Font)              Font shape `OT1/ptm/b/it' tried instead on input line 1090.

LaTeX Font Info:    Font shape `OT1/ptm/bx/n' in size <20> not available
(Font)              Font shape `OT1/ptm/b/n' tried instead on input line 1090.
LaTeX Font Info:    Font shape `OT1/ptm/bx/it' in size <20> not available
(Font)              Font shape `OT1/ptm/b/it' tried instead on input line 1090.

LaTeX Font Info:    Font shape `OT1/ptm/bx/n' in size <24> not available
(Font)              Font shape `OT1/ptm/b/n' tried instead on input line 1090.
LaTeX Font Info:    Font shape `OT1/ptm/bx/it' in size <24> not available
(Font)              Font shape `OT1/ptm/b/it' tried instead on input line 1090.

\IEEEquantizedlength=\dimen109
\IEEEquantizedlengthdiff=\dimen110
\IEEEquantizedtextheightdiff=\dimen111
\IEEEilabelindentA=\dimen112
\IEEEilabelindentB=\dimen113
\IEEEilabelindent=\dimen114
\IEEEelabelindent=\dimen115
\IEEEdlabelindent=\dimen116
\IEEElabelindent=\dimen117
\IEEEiednormlabelsep=\dimen118
\IEEEiedmathlabelsep=\dimen119
\IEEEiedtopsep=\skip41
\c@section=\count82
\c@subsection=\count83
\c@subsubsection=\count84
\c@paragraph=\count85
\c@IEEEsubequation=\count86
\abovecaptionskip=\skip42
\belowcaptionskip=\skip43
\c@figure=\count87
\c@table=\count88
\@IEEEeqnnumcols=\count89
\@IEEEeqncolcnt=\count90
\@IEEEsubeqnnumrollback=\count91
\@IEEEquantizeheightA=\dimen120
\@IEEEquantizeheightB=\dimen121
\@IEEEquantizeheightC=\dimen122
\@IEEEquantizeprevdepth=\dimen123
\@IEEEquantizemultiple=\count92
\@IEEEquantizeboxA=\box26
\@IEEEtmpitemindent=\dimen124
\IEEEPARstartletwidth=\dimen125
\c@IEEEbiography=\count93
\@IEEEtranrubishbin=\box27
) (./BellBrandon_HW2-Report.aux)
\openout1 = `BellBrandon_HW2-Report.aux'.

LaTeX Font Info:    Checking defaults for OML/cmm/m/it on input line 5.
LaTeX Font Info:    ... okay on input line 5.
LaTeX Font Info:    Checking defaults for T1/cmr/m/n on input line 5.
LaTeX Font Info:    ... okay on input line 5.
LaTeX Font Info:    Checking defaults for OT1/cmr/m/n on input line 5.
LaTeX Font Info:    ... okay on input line 5.
LaTeX Font Info:    Checking defaults for OMS/cmsy/m/n on input line 5.
LaTeX Font Info:    ... okay on input line 5.
LaTeX Font Info:    Checking defaults for OMX/cmex/m/n on input line 5.
LaTeX Font Info:    ... okay on input line 5.
LaTeX Font Info:    Checking defaults for U/cmr/m/n on input line 5.
LaTeX Font Info:    ... okay on input line 5.

-- Lines per column: 58 (exact).
Missing character: There is no â in font ptmb7t!
Missing character: There is no € in font ptmb7t!
Missing character: There is no ™ in font ptmb7t!
Missing character: There is no â in font ptmr7t!
Missing character: There is no € in font ptmr7t!
Missing character: There is no ™ in font ptmr7t!
Missing character: There is no â in font ptmr7t!
Missing character: There is no € in font ptmr7t!
Missing character: There is no ™ in font ptmr7t!
Missing character: There is no â in font ptmr7t!
Missing character: There is no € in font ptmr7t!
Missing character: There is no ™ in font ptmr7t!
Missing character: There is no â in font ptmr7t!
Missing character: There is no € in font ptmr7t!
Missing character: There is no ™ in font ptmr7t!
Missing character: There is no â in font ptmr7t!
Missing character: There is no € in font ptmr7t!
Missing character: There is no ™ in font ptmr7t!
Missing character: There is no â in font ptmr7t!
Missing character: There is no € in font ptmr7t!
Missing character: There is no ™ in font ptmr7t!
Missing character: There is no â in font ptmr7t!
Missing character: There is no € in font ptmr7t!
Missing character: There is no ™ in font ptmr7t!
LaTeX Font Info:    Try loading font information for OT1+pcr on input line 22.
(/usr/share/texmf-dist/tex/latex/psnfss/ot1pcr.fd
File: ot1pcr.fd 2001/06/04 font definitions for OT1/pcr.
)
Missing character: There is no Â in font pcrr7t!
Missing character: There is no   in font pcrr7t!
Missing character: There is no â in font ptmr7t!
Missing character: There is no € in font ptmr7t!
Missing character: There is no ™ in font ptmr7t!
Missing character: There is no â in font ptmr7t!
Missing character: There is no € in font ptmr7t!
Missing character: There is no ™ in font ptmr7t!
Missing character: There is no â in font ptmr7t!
Missing character: There is no € in font ptmr7t!
Missing character: There is no ™ in font ptmr7t!
Missing character: There is no Â in font pcrr7t!
Missing character: There is no   in font pcrr7t!
Missing character: There is no â in font ptmr7t!
Missing character: There is no € in font ptmr7t!
Missing character: There is no ™ in font ptmr7t!
LaTeX Font Info:    External font `cmex10' loaded for size
(Font)              <7> on input line 56.
LaTeX Font Info:    External font `cmex10' loaded for size
(Font)              <5> on input line 56.
Missing character: There is no Â in font pcrr7t!
Missing character: There is no   in font pcrr7t!
Missing character: There is no Â in font pcrr7t!
Missing character: There is no   in font pcrr7t!
Missing character: There is no Â in font pcrr7t!
Missing character: There is no   in font pcrr7t!

Overfull \hbox (18.0pt too wide) in paragraph at lines 72--72
[] \OT1/pcr/m/n/10 // Take care of the starting and end points.[] 
 []

Missing character: There is no Â in font pcrr7t!
Missing character: There is no   in font pcrr7t!
Missing character: There is no Â in font pcrr7t!
Missing character: There is no   in font pcrr7t!
Missing character: There is no Â in font pcrr7t!
Missing character: There is no   in font pcrr7t!
Missing character: There is no Â in font pcrr7t!
Missing character: There is no   in font pcrr7t!
Missing character: There is no Â in font pcrr7t!
Missing character: There is no   in font pcrr7t!
Missing character: There is no Â in font pcrr7t!
Missing character: There is no   in font pcrr7t!
Missing character: There is no Â in font pcrr7t!
Missing character: There is no   in font pcrr7t!
Missing character: There is no Â in font pcrr7t!
Missing character: There is no   in font pcrr7t!

Overfull \hbox (18.0pt too wide) in paragraph at lines 72--72
[]\OT1/pcr/m/n/10 3 // Loop through the n strips in the region.[] 
 []

Missing character: There is no Â in font pcrr7t!
Missing character: There is no   in font pcrr7t!
Missing character: There is no Â in font pcrr7t!
Missing character: There is no   in font pcrr7t!
Missing character: There is no Â in font pcrr7t!
Missing character: There is no   in font pcrr7t!
Missing character: There is no Â in font pcrr7t!
Missing character: There is no   in font pcrr7t!
Missing character: There is no Â in font pcrr7t!
Missing character: There is no   in font pcrr7t!
Missing character: There is no Â in font pcrr7t!
Missing character: There is no   in font pcrr7t!
Missing character: There is no Â in font pcrr7t!
Missing character: There is no   in font pcrr7t!
Missing character: There is no Â in font pcrr7t!
Missing character: There is no   in font pcrr7t!
Missing character: There is no Â in font pcrr7t!
Missing character: There is no   in font pcrr7t!

Overfull \hbox (24.0pt too wide) in paragraph at lines 72--72
[]\OT1/pcr/m/n/10 6 // increment x by a half interval at a time.[] 
 []

Missing character: There is no Â in font pcrr7t!
Missing character: There is no   in font pcrr7t!
Missing character: There is no Â in font pcrr7t!
Missing character: There is no   in font pcrr7t!
Missing character: There is no Â in font pcrr7t!
Missing character: There is no   in font pcrr7t!
Missing character: There is no Â in font pcrr7t!
Missing character: There is no   in font pcrr7t!
Missing character: There is no Â in font pcrr7t!
Missing character: There is no   in font pcrr7t!
Missing character: There is no Â in font pcrr7t!
Missing character: There is no   in font pcrr7t!
Missing character: There is no Â in font pcrr7t!
Missing character: There is no   in font pcrr7t!
Missing character: There is no Â in font pcrr7t!
Missing character: There is no   in font pcrr7t!
Missing character: There is no Â in font pcrr7t!
Missing character: There is no   in font pcrr7t!
Missing character: There is no Â in font pcrr7t!
Missing character: There is no   in font pcrr7t!
Missing character: There is no Â in font pcrr7t!
Missing character: There is no   in font pcrr7t!
Missing character: There is no Â in font pcrr7t!
Missing character: There is no   in font pcrr7t!
Missing character: There is no Â in font pcrr7t!
Missing character: There is no   in font pcrr7t!
Missing character: There is no Â in font pcrr7t!
Missing character: There is no   in font pcrr7t!
Missing character: There is no Â in font pcrr7t!
Missing character: There is no   in font pcrr7t!
Missing character: There is no Â in font pcrr7t!
Missing character: There is no   in font pcrr7t!
Missing character: There is no Â in font pcrr7t!
Missing character: There is no   in font pcrr7t!
Missing character: There is no Â in font pcrr7t!
Missing character: There is no   in font pcrr7t!
Missing character: There is no Â in font pcrr7t!
Missing character: There is no   in font pcrr7t!
Missing character: There is no Â in font pcrr7t!
Missing character: There is no   in font pcrr7t!
Missing character: There is no Â in font pcrr7t!
Missing character: There is no   in font pcrr7t!
Missing character: There is no Â in font pcrr7t!
Missing character: There is no   in font pcrr7t!
Missing character: There is no Â in font pcrr7t!
Missing character: There is no   in font pcrr7t!
Missing character: There is no Â in font pcrr7t!
Missing character: There is no   in font pcrr7t!
Missing character: There is no Â in font pcrr7t!
Missing character: There is no   in font pcrr7t!
Missing character: There is no Â in font pcrr7t!
Missing character: There is no   in font pcrr7t!
Missing character: There is no Â in font pcrr7t!
Missing character: There is no   in font pcrr7t!
Missing character: There is no Â in font pcrr7t!
Missing character: There is no   in font pcrr7t!
Missing character: There is no Â in font pcrr7t!
Missing character: There is no   in font pcrr7t!
Missing character: There is no Â in font pcrr7t!
Missing character: There is no   in font pcrr7t!
Missing character: There is no Â in font pcrr7t!
Missing character: There is no   in font pcrr7t!
Missing character: There is no Â in font pcrr7t!
Missing character: There is no   in font pcrr7t!
Missing character: There is no Â in font pcrr7t!
Missing character: There is no   in font pcrr7t!
Missing character: There is no Â in font pcrr7t!
Missing character: There is no   in font pcrr7t!
Missing character: There is no Â in font pcrr7t!
Missing character: There is no   in font pcrr7t!
Missing character: There is no Â in font pcrr7t!
Missing character: There is no   in font pcrr7t!
Missing character: There is no Â in font pcrr7t!
Missing character: There is no   in font pcrr7t!
Missing character: There is no Â in font pcrr7t!
Missing character: There is no   in font pcrr7t!
Missing character: There is no Â in font pcrr7t!
Missing character: There is no   in font pcrr7t!
Missing character: There is no Â in font pcrr7t!
Missing character: There is no   in font pcrr7t!
Missing character: There is no Â in font pcrr7t!
Missing character: There is no   in font pcrr7t!
Missing character: There is no Â in font pcrr7t!
Missing character: There is no   in font pcrr7t!
Missing character: There is no Â in font pcrr7t!
Missing character: There is no   in font pcrr7t!
Missing character: There is no Â in font pcrr7t!
Missing character: There is no   in font pcrr7t!
Missing character: There is no Â in font pcrr7t!
Missing character: There is no   in font pcrr7t!
Missing character: There is no Â in font pcrr7t!
Missing character: There is no   in font pcrr7t!
Missing character: There is no Â in font pcrr7t!
Missing character: There is no   in font pcrr7t!
Missing character: There is no Â in font pcrr7t!
Missing character: There is no   in font pcrr7t!
Missing character: There is no Â in font pcrr7t!
Missing character: There is no   in font pcrr7t!
Missing character: There is no Â in font pcrr7t!
Missing character: There is no   in font pcrr7t!
Missing character: There is no Â in font pcrr7t!
Missing character: There is no   in font pcrr7t!
Missing character: There is no Â in font pcrr7t!
Missing character: There is no   in font pcrr7t!
Missing character: There is no Â in font pcrr7t!
Missing character: There is no   in font pcrr7t!
Missing character: There is no Â in font pcrr7t!
Missing character: There is no   in font pcrr7t!
Missing character: There is no Â in font pcrr7t!
Missing character: There is no   in font pcrr7t!
[1


]
Missing character: There is no Â in font pcrr7t!
Missing character: There is no   in font pcrr7t!
Missing character: There is no Â in font pcrr7t!
Missing character: There is no   in font pcrr7t!
Missing character: There is no Â in font pcrr7t!
Missing character: There is no   in font pcrr7t!
Missing character: There is no â in font ptmr7t!
Missing character: There is no € in font ptmr7t!
Missing character: There is no ™ in font ptmr7t!
Missing character: There is no â in font ptmr7t!
Missing character: There is no € in font ptmr7t!
Missing character: There is no ™ in font ptmr7t!

Overfull \hbox (60.0pt too wide) in paragraph at lines 111--111
[]\OT1/pcr/m/n/10 of the integral from 0.000000 to 1.000000 = 0.664229[] 
 []


Overfull \hbox (60.0pt too wide) in paragraph at lines 111--111
[]\OT1/pcr/m/n/10 of the integral from 0.000000 to 1.000000 = 0.480710[] 
 []


Overfull \hbox (6.0pt too wide) in paragraph at lines 111--111
[]\OT1/pcr/m/n/10 % mpirun -n 4 ./HW2-Part3-Parallel -i 11 -v[] 
 []


Overfull \hbox (60.0pt too wide) in paragraph at lines 111--111
[]\OT1/pcr/m/n/10 of the integral from 0.000000 to 1.000000 = 0.480710[] 
 []


Overfull \hbox (60.0pt too wide) in paragraph at lines 111--111
[]\OT1/pcr/m/n/10 of the integral from 0.000000 to 1.000000 = 0.379001[] 
 []

[2] (./BellBrandon_HW2-Report.aux) ) 
Here is how much of TeX's memory you used:
 1064 strings out of 493014
 19539 string characters out of 6139343
 82574 words of memory out of 5000000
 4686 multiletter control sequences out of 15000+600000
 25572 words of font info for 56 fonts, out of 8000000 for 9000
 1141 hyphenation exceptions out of 8191
 26i,5n,17p,1209b,233s stack positions out of 5000i,500n,10000p,200000b,80000s

Output written on BellBrandon_HW2-Report.dvi (2 pages, 10096 bytes).
